app/proguard-rules.pro
# Add project specific ProGuard rules here.
# By default, the flags in this file are appended to flags specified
# in /Development/adt-bundle/sdk/tools/proguard/proguard-android.txt
# You can edit the include path and order by changing the proguardFiles
# directive in build.gradle.
#
# For more details, see
#   http://developer.android.com/guide/developing/tools/proguard.html

# Add any project specific keep options here:

# If your project uses WebView with JS, uncomment the following
# and specify the fully qualified class name to the JavaScript interface
# class:
#-keepclassmembers class fqcn.of.javascript.interface.for.webview {
#   public *;
#}


-keep class com.journeyapps.barcodescanner.** { *; }
-keep class com.vm.shadowsocks.** { *; }
-dontwarn org.bouncycastle.**
#保护注解
-keepattributes *Annotation*
#忽略警告
-ignorewarnings


#基线包使用，生成mapping.txt
#-printmapping mapping.txt
#生成的mapping.txt在app/buidl/outputs/mapping/release路径下，移动到/app路径下
#修复后的项目使用，保证混淆结果一致
-applymapping mapping.txt
#hotfix
-keep class com.taobao.sophix.**{*;}
-keep class com.ta.utdid2.device.**{*;}
#防止inline
-dontoptimize