app/mapping.txt
com.vm.shadowsocks.App -> com.vm.shadowsocks.App:
    java.util.List hostList -> hostList
    java.lang.String tag -> tag
    com.vm.shadowsocks.App instance -> instance
    com.vm.shadowsocks.App$Companion Companion -> Companion
    java.util.List getHostList() -> getHostList
    void setHostList(java.util.List) -> setHostList
    void onCreate() -> onCreate
    void attachBaseContext(android.content.Context) -> attachBaseContext
    java.lang.String getVersionName(android.content.Context) -> getVersionName
    void <init>() -> <init>
    void <clinit>() -> <clinit>
    java.lang.String access$getTag$cp() -> access$getTag$cp
    void access$setTag$cp(java.lang.String) -> access$setTag$cp
com.vm.shadowsocks.App$Companion -> com.vm.shadowsocks.App$Companion:
    java.lang.String getTag() -> getTag
    void setTag(java.lang.String) -> setTag
    com.vm.shadowsocks.App getInstance() -> getInstance
    void setInstance(com.vm.shadowsocks.App) -> setInstance
    void <init>() -> <init>
    void <init>(kotlin.jvm.internal.DefaultConstructorMarker) -> <init>
com.vm.shadowsocks.App$attachBaseContext$1 -> com.vm.shadowsocks.App$attachBaseContext$1:
    com.vm.shadowsocks.App$attachBaseContext$1 INSTANCE -> INSTANCE
    void onLoad(int,int,java.lang.String,int) -> onLoad
    void <init>() -> <init>
    void <clinit>() -> <clinit>
com.vm.shadowsocks.BuildConfig -> com.vm.shadowsocks.BuildConfig:
    boolean DEBUG -> DEBUG
    java.lang.String APPLICATION_ID -> APPLICATION_ID
    java.lang.String BUILD_TYPE -> BUILD_TYPE
    java.lang.String FLAVOR -> FLAVOR
    int VERSION_CODE -> VERSION_CODE
    java.lang.String VERSION_NAME -> VERSION_NAME
    void <init>() -> <init>
com.vm.shadowsocks.R -> com.vm.shadowsocks.R:
    void <init>() -> <init>
com.vm.shadowsocks.R$anim -> com.vm.shadowsocks.R$anim:
    int abc_fade_in -> abc_fade_in
    int abc_fade_out -> abc_fade_out
    int abc_grow_fade_in_from_bottom -> abc_grow_fade_in_from_bottom
    int abc_popup_enter -> abc_popup_enter
    int abc_popup_exit -> abc_popup_exit
    int abc_shrink_fade_out_from_bottom -> abc_shrink_fade_out_from_bottom
    int abc_slide_in_bottom -> abc_slide_in_bottom
    int abc_slide_in_top -> abc_slide_in_top
    int abc_slide_out_bottom -> abc_slide_out_bottom
    int abc_slide_out_top -> abc_slide_out_top
    int cycle_7 -> cycle_7
    int rotate -> rotate
    int shake -> shake
    int tooltip_enter -> tooltip_enter
    int tooltip_exit -> tooltip_exit
    void <init>() -> <init>
com.vm.shadowsocks.R$attr -> com.vm.shadowsocks.R$attr:
    int actionBarDivider -> actionBarDivider
    int actionBarItemBackground -> actionBarItemBackground
    int actionBarPopupTheme -> actionBarPopupTheme
    int actionBarSize -> actionBarSize
    int actionBarSplitStyle -> actionBarSplitStyle
    int actionBarStyle -> actionBarStyle
    int actionBarTabBarStyle -> actionBarTabBarStyle
    int actionBarTabStyle -> actionBarTabStyle
    int actionBarTabTextStyle -> actionBarTabTextStyle
    int actionBarTheme -> actionBarTheme
    int actionBarWidgetTheme -> actionBarWidgetTheme
    int actionButtonStyle -> actionButtonStyle
    int actionDropDownStyle -> actionDropDownStyle
    int actionLayout -> actionLayout
    int actionMenuTextAppearance -> actionMenuTextAppearance
    int actionMenuTextColor -> actionMenuTextColor
    int actionModeBackground -> actionModeBackground
    int actionModeCloseButtonStyle -> actionModeCloseButtonStyle
    int actionModeCloseDrawable -> actionModeCloseDrawable
    int actionModeCopyDrawable -> actionModeCopyDrawable
    int actionModeCutDrawable -> actionModeCutDrawable
    int actionModeFindDrawable -> actionModeFindDrawable
    int actionModePasteDrawable -> actionModePasteDrawable
    int actionModePopupWindowStyle -> actionModePopupWindowStyle
    int actionModeSelectAllDrawable -> actionModeSelectAllDrawable
    int actionModeShareDrawable -> actionModeShareDrawable
    int actionModeSplitBackground -> actionModeSplitBackground
...
okhttp3.internal.http2.PushObserver$1 -> c.a.e.l$1:
    void <init>() -> <init>
    boolean onRequest(int,java.util.List) -> a
    boolean onHeaders(int,java.util.List,boolean) -> a
    boolean onData(int,okio.BufferedSource,int,boolean) -> a
    void onReset(int,okhttp3.internal.http2.ErrorCode) -> a
okhttp3.internal.http2.Settings -> c.a.e.m:
    int set -> a
    int[] values -> b
    void <init>() -> <init>
    void clear() -> a
    okhttp3.internal.http2.Settings set(int,int) -> a
    boolean isSet(int) -> a
    int get(int) -> b
    int size() -> b
    int getHeaderTableSize() -> c
    int getMaxConcurrentStreams(int) -> c
    int getMaxFrameSize(int) -> d
    int getInitialWindowSize() -> d
    void merge(okhttp3.internal.http2.Settings) -> a
okhttp3.internal.http2.StreamResetException -> c.a.e.n:
    okhttp3.internal.http2.ErrorCode errorCode -> a
    void <init>(okhttp3.internal.http2.ErrorCode) -> <init>
okhttp3.internal.io.FileSystem -> c.a.f.a:
    okhttp3.internal.io.FileSystem SYSTEM -> a
    void delete(java.io.File) -> a
    boolean exists(java.io.File) -> b
    long size(java.io.File) -> c
    void rename(java.io.File,java.io.File) -> a
    void <clinit>() -> <clinit>
okhttp3.internal.io.FileSystem$1 -> c.a.f.a$1:
    void <init>() -> <init>
    void delete(java.io.File) -> a
    boolean exists(java.io.File) -> b
    long size(java.io.File) -> c
    void rename(java.io.File,java.io.File) -> a
okhttp3.internal.platform.AndroidPlatform -> c.a.g.a:
    java.lang.Class sslParametersClass -> a
    okhttp3.internal.platform.OptionalMethod setUseSessionTickets -> b
    okhttp3.internal.platform.OptionalMethod setHostname -> c
    okhttp3.internal.platform.OptionalMethod getAlpnSelectedProtocol -> d
    okhttp3.internal.platform.OptionalMethod setAlpnProtocols -> e
    okhttp3.internal.platform.AndroidPlatform$CloseGuard closeGuard -> f
    void <init>(java.lang.Class,okhttp3.internal.platform.OptionalMethod,okhttp3.internal.platform.OptionalMethod,okhttp3.internal.platform.OptionalMethod,okhttp3.internal.platform.OptionalMethod) -> <init>
    void connectSocket(java.net.Socket,java.net.InetSocketAddress,int) -> a
    void configureTlsExtensions(javax.net.ssl.SSLSocket,java.lang.String,java.util.List) -> a
    java.lang.String getSelectedProtocol(javax.net.ssl.SSLSocket) -> a
    void log(int,java.lang.String,java.lang.Throwable) -> a
    java.lang.Object getStackTraceForCloseable(java.lang.String) -> a
    void logCloseableLeak(java.lang.String,java.lang.Object) -> a
    boolean isCleartextTrafficPermitted(java.lang.String) -> b
    boolean api24IsCleartextTrafficPermitted(java.lang.String,java.lang.Class,java.lang.Object) -> a
    boolean api23IsCleartextTrafficPermitted(java.lang.String,java.lang.Class,java.lang.Object) -> b
    boolean supportsAlpn() -> b
okhttp3.internal.platform.AndroidPlatform$AndroidCertificateChainCleaner -> c.a.g.a$a:
    java.lang.Object x509TrustManagerExtensions -> a
    java.lang.reflect.Method checkServerTrusted -> b
    void <init>(java.lang.Object,java.lang.reflect.Method) -> <init>
    java.util.List clean(java.util.List,java.lang.String) -> a
    boolean equals(java.lang.Object) -> equals
    int hashCode() -> hashCode
okhttp3.internal.platform.AndroidPlatform$AndroidTrustRootIndex -> c.a.g.a$b:
    javax.net.ssl.X509TrustManager trustManager -> a
    java.lang.reflect.Method findByIssuerAndSignatureMethod -> b
    void <init>(javax.net.ssl.X509TrustManager,java.lang.reflect.Method) -> <init>
    java.security.cert.X509Certificate findByIssuerAndSignature(java.security.cert.X509Certificate) -> a
    boolean equals(java.lang.Object) -> equals
    int hashCode() -> hashCode